2020-06-14 12:07:30 INFO  stepDefinitions.LoginStepDef:31 - Chrome Driver exe location:C:\Users\ammulu123\Jan2020\OrangeHRMBDDFramework\drivers\chromedriver\chromedriver.exe
  2020-06-14 12:07:34 INFO  stepDefinitions.LoginStepDef:33 - Chrome Driver is Opened
  2020-06-14 12:07:38 INFO  pages.LoginPage:27 - Login page constructor is called  
  2020-06-14 12:07:38 INFO  stepDefinitions.LoginStepDef:54 - Entered user name Admin
  2020-06-14 12:07:52 INFO  stepDefinitions.LoginStepDef:26 - Click on Login button  
  2020-06-14 12:07:52 INFO  stepDefinitions.LoginStepDef:31 - Chrome Driver exe location:C:\Users\ammulu123\Jan2020\OrangeHRMBDDFramework\drivers\chromedriver\chromedriver.exe
  2020-06-14 12:07:56 INFO  stepDefinitions.LoginStepDef:33 - Chrome Driver is Opened
  2020-06-14 12:07:59 INFO  pages.LoginPage:27 - Login page constructor is called  
  2020-06-14 12:07:59 INFO  stepDefinitions.LoginStepDef:54 - Entered user name Admin
  2020-06-14 12:37:57 INFO  stepDefinitions.LoginStepDef:31 - Chrome Driver exe location:C:\Users\ammulu123\Jan2020\OrangeHRMBDDFramework\drivers\chromedriver\chromedriver.exe
  2020-06-14 12:38:00 INFO  stepDefinitions.LoginStepDef:33 - Chrome Driver is Opened
  2020-06-14 12:38:06 INFO  pages.LoginPage:27 - Login page constructor is called  
  2020-06-14 12:38:06 INFO  stepDefinitions.LoginStepDef:54 - Entered user name Admin
  2020-06-14 12:38:30 INFO  stepDefinitions.LoginStepDef:26 - Click on Login button  
  2020-06-14 12:38:30 INFO  stepDefinitions.LoginStepDef:31 - Chrome Driver exe location:C:\Users\ammulu123\Jan2020\OrangeHRMBDDFramework\drivers\chromedriver\chromedriver.exe
  2020-06-14 12:38:34 INFO  stepDefinitions.LoginStepDef:33 - Chrome Driver is Opened
  2020-06-14 12:38:37 INFO  pages.LoginPage:27 - Login page constructor is called  
  2020-06-14 12:38:38 INFO  stepDefinitions.LoginStepDef:54 - Entered user name Admin
  2020-06-14 13:15:03 INFO  stepDefinitions.LoginStepDef:31 - Chrome Driver exe location:C:\Users\ammulu123\Jan2020\OrangeHRMBDDFramework\drivers\chromedriver\chromedriver.exe
  2020-06-14 13:15:06 INFO  stepDefinitions.LoginStepDef:33 - Chrome Driver is Opened
  2020-06-14 13:15:10 INFO  pages.LoginPage:27 - Login page constructor is called  
  2020-06-14 13:15:11 INFO  stepDefinitions.LoginStepDef:54 - Entered user name Admin
  2020-06-14 13:15:21 INFO  stepDefinitions.LoginStepDef:26 - Click on Login button  
  2020-06-14 13:15:21 INFO  stepDefinitions.LoginStepDef:31 - Chrome Driver exe location:C:\Users\ammulu123\Jan2020\OrangeHRMBDDFramework\drivers\chromedriver\chromedriver.exe
  2020-06-14 13:15:24 INFO  stepDefinitions.LoginStepDef:33 - Chrome Driver is Opened
  2020-06-14 13:15:28 INFO  pages.LoginPage:27 - Login page constructor is called  
  2020-06-14 13:15:28 INFO  stepDefinitions.LoginStepDef:54 - Entered user name Admin
  2020-06-14 15:30:59 INFO  stepdefinitions.LoginStepDef:31 - Chrome Driver exe location:C:\Users\ammulu123\Jan2020\ThreeZCucumberProj\drivers\chromedriver\chromedriver.exe
  2020-06-14 15:31:08 INFO  stepdefinitions.LoginStepDef:33 - Chrome Driver is Opened
  2020-06-14 15:31:12 INFO  pages.LoginPage:27 - Login page constructor is called  
  2020-06-14 15:31:12 INFO  stepdefinitions.LoginStepDef:54 - Entered user name Admin
  2020-06-14 15:31:20 INFO  stepdefinitions.LoginStepDef:26 - Click on Login button  
  2020-06-14 15:31:21 INFO  stepdefinitions.LoginStepDef:31 - Chrome Driver exe location:C:\Users\ammulu123\Jan2020\ThreeZCucumberProj\drivers\chromedriver\chromedriver.exe
  2020-06-14 15:31:25 INFO  stepdefinitions.LoginStepDef:33 - Chrome Driver is Opened
  2020-06-14 15:31:28 INFO  pages.LoginPage:27 - Login page constructor is called  
  2020-06-14 15:31:29 INFO  stepdefinitions.LoginStepDef:54 - Entered user name Admin
  2020-06-14 15:31:59 INFO  stepdefinitions.LoginStepDef:31 - Chrome Driver exe location:C:\Users\ammulu123\Jan2020\ThreeZCucumberProj\drivers\chromedriver\chromedriver.exe
  2020-06-14 15:32:05 INFO  stepdefinitions.LoginStepDef:33 - Chrome Driver is Opened
  2020-06-14 15:32:11 INFO  pages.LoginPage:27 - Login page constructor is called  
  2020-06-14 15:32:11 INFO  stepdefinitions.LoginStepDef:54 - Entered user name Admin
  2020-06-14 15:32:24 INFO  stepdefinitions.LoginStepDef:26 - Click on Login button  
  2020-06-14 15:32:24 INFO  stepdefinitions.LoginStepDef:31 - Chrome Driver exe location:C:\Users\ammulu123\Jan2020\ThreeZCucumberProj\drivers\chromedriver\chromedriver.exe
  2020-06-14 15:32:30 INFO  stepdefinitions.LoginStepDef:33 - Chrome Driver is Opened
  2020-06-14 15:32:34 INFO  pages.LoginPage:27 - Login page constructor is called  
  2020-06-14 15:32:34 INFO  stepdefinitions.LoginStepDef:54 - Entered user name Admin
  2020-06-14 15:35:02 INFO  stepdefinitions.LoginStepDef:31 - Chrome Driver exe location:C:\Users\ammulu123\Jan2020\ThreeZCucumberProj\drivers\chromedriver\chromedriver.exe
  2020-06-14 15:35:13 INFO  stepdefinitions.LoginStepDef:33 - Chrome Driver is Opened
  2020-06-14 15:35:17 INFO  pages.LoginPage:27 - Login page constructor is called  
  2020-06-14 15:35:17 INFO  stepdefinitions.LoginStepDef:54 - Entered user name Admin
  2020-06-14 15:35:29 INFO  stepdefinitions.LoginStepDef:26 - Click on Login button  
  2020-06-14 15:35:29 INFO  stepdefinitions.LoginStepDef:31 - Chrome Driver exe location:C:\Users\ammulu123\Jan2020\ThreeZCucumberProj\drivers\chromedriver\chromedriver.exe
  2020-06-14 15:35:34 INFO  stepdefinitions.LoginStepDef:33 - Chrome Driver is Opened
  2020-06-14 15:35:39 INFO  pages.LoginPage:27 - Login page constructor is called  
  2020-06-14 15:35:40 INFO  stepdefinitions.LoginStepDef:54 - Entered user name Admin
  2020-06-14 15:37:48 INFO  stepdefinitions.LoginStepDef:31 - Chrome Driver exe location:C:\Users\ammulu123\Jan2020\ThreeZCucumberProj\drivers\chromedriver\chromedriver.exe
  2020-06-14 15:37:55 INFO  stepdefinitions.LoginStepDef:33 - Chrome Driver is Opened
  2020-06-14 15:38:01 INFO  pages.LoginPage:27 - Login page constructor is called  
  2020-06-14 15:38:01 INFO  stepdefinitions.LoginStepDef:54 - Entered user name Admin
  2020-06-14 15:38:10 INFO  stepdefinitions.LoginStepDef:26 - Click on Login button  
  2020-06-14 15:38:10 INFO  stepdefinitions.LoginStepDef:31 - Chrome Driver exe location:C:\Users\ammulu123\Jan2020\ThreeZCucumberProj\drivers\chromedriver\chromedriver.exe
  2020-06-14 15:38:14 INFO  stepdefinitions.LoginStepDef:33 - Chrome Driver is Opened
  2020-06-14 15:38:19 INFO  pages.LoginPage:27 - Login page constructor is called  
  2020-06-14 15:38:19 INFO  stepdefinitions.LoginStepDef:54 - Entered user name Admin
  2020-06-14 15:51:24 INFO  stepdefinitions.LoginStepDef:31 - Chrome Driver exe location:C:\Users\ammulu123\Jan2020\ThreeZCucumberProj\drivers\chromedriver\chromedriver.exe
  2020-06-14 15:51:50 INFO  stepdefinitions.LoginStepDef:33 - Chrome Driver is Opened
  2020-06-14 15:51:57 INFO  pages.LoginPage:27 - Login page constructor is called  
  2020-06-14 15:51:58 INFO  stepdefinitions.LoginStepDef:54 - Entered user name Admin
  2020-06-14 15:52:11 INFO  stepdefinitions.LoginStepDef:26 - Click on Login button  
  2020-06-14 15:52:11 INFO  stepdefinitions.LoginStepDef:31 - Chrome Driver exe location:C:\Users\ammulu123\Jan2020\ThreeZCucumberProj\drivers\chromedriver\chromedriver.exe
  2020-06-14 15:52:26 INFO  stepdefinitions.LoginStepDef:33 - Chrome Driver is Opened
  2020-06-14 15:52:31 INFO  pages.LoginPage:27 - Login page constructor is called  
  2020-06-14 15:52:31 INFO  stepdefinitions.LoginStepDef:54 - Entered user name Admin
  2020-06-14 16:22:19 INFO  stepdefinitions.LoginStepDef:31 - Chrome Driver exe location:C:\Users\ammulu123\Jan2020\ThreeZCucumberProj\drivers\chromedriver\chromedriver.exe
  2020-06-14 16:22:33 INFO  stepdefinitions.LoginStepDef:33 - Chrome Driver is Opened
  2020-06-14 16:22:38 INFO  pages.LoginPage:27 - Login page constructor is called  
  2020-06-14 16:22:38 INFO  stepdefinitions.LoginStepDef:54 - Entered user name Admin
  2020-06-14 16:22:46 INFO  stepdefinitions.LoginStepDef:26 - Click on Login button  
  2020-06-14 16:22:46 INFO  stepdefinitions.LoginStepDef:31 - Chrome Driver exe location:C:\Users\ammulu123\Jan2020\ThreeZCucumberProj\drivers\chromedriver\chromedriver.exe
  2020-06-14 16:22:51 INFO  stepdefinitions.LoginStepDef:33 - Chrome Driver is Opened
  2020-06-14 16:22:54 INFO  pages.LoginPage:27 - Login page constructor is called  
  2020-06-14 16:22:54 INFO  stepdefinitions.LoginStepDef:54 - Entered user name Admin
  2020-06-14 16:26:26 INFO  stepdefinitions.LoginStepDef:31 - Chrome Driver exe location:C:\Users\ammulu123\Jan2020\ThreeZCucumberProj\drivers\chromedriver\chromedriver.exe
  2020-06-14 16:26:33 INFO  stepdefinitions.LoginStepDef:33 - Chrome Driver is Opened
  2020-06-14 16:26:38 INFO  pages.LoginPage:27 - Login page constructor is called  
  2020-06-14 16:26:38 INFO  stepdefinitions.LoginStepDef:54 - Entered user name Admin
  2020-06-14 16:26:44 INFO  stepdefinitions.LoginStepDef:26 - Click on Login button  
  2020-06-14 16:26:44 INFO  stepdefinitions.LoginStepDef:31 - Chrome Driver exe location:C:\Users\ammulu123\Jan2020\ThreeZCucumberProj\drivers\chromedriver\chromedriver.exe
  2020-06-14 16:26:48 INFO  stepdefinitions.LoginStepDef:33 - Chrome Driver is Opened
  2020-06-14 16:26:51 INFO  pages.LoginPage:27 - Login page constructor is called  
  2020-06-14 16:26:51 INFO  stepdefinitions.LoginStepDef:54 - Entered user name Admin
  2020-06-14 16:26:57 INFO  stepdefinitions.LoginStepDef:26 - Click on Login button  
  2020-06-14 16:26:57 INFO  stepdefinitions.LoginStepDef:31 - Chrome Driver exe location:C:\Users\ammulu123\Jan2020\ThreeZCucumberProj\drivers\chromedriver\chromedriver.exe
  2020-06-14 16:27:01 INFO  stepdefinitions.LoginStepDef:33 - Chrome Driver is Opened
  2020-06-14 16:27:05 INFO  pages.LoginPage:27 - Login page constructor is called  
  2020-06-14 16:27:05 INFO  stepdefinitions.LoginStepDef:54 - Entered user name Admin
  2020-06-14 16:27:17 INFO  stepdefinitions.LoginStepDef:26 - Click on Login button  
  2020-06-14 16:27:17 INFO  stepdefinitions.LoginStepDef:31 - Chrome Driver exe location:C:\Users\ammulu123\Jan2020\ThreeZCucumberProj\drivers\chromedriver\chromedriver.exe
  2020-06-14 16:27:21 INFO  stepdefinitions.LoginStepDef:33 - Chrome Driver is Opened
  2020-06-14 16:27:25 INFO  pages.LoginPage:27 - Login page constructor is called  
  2020-06-14 16:27:25 INFO  stepdefinitions.LoginStepDef:54 - Entered user name Admin
  2020-06-14 16:27:30 INFO  stepdefinitions.LoginStepDef:26 - Click on Login button  
  2020-06-14 16:27:30 INFO  stepdefinitions.LoginStepDef:31 - Chrome Driver exe location:C:\Users\ammulu123\Jan2020\ThreeZCucumberProj\drivers\chromedriver\chromedriver.exe
  2020-06-14 16:27:33 INFO  stepdefinitions.LoginStepDef:33 - Chrome Driver is Opened
  2020-06-14 16:27:36 INFO  pages.LoginPage:27 - Login page constructor is called  
  2020-06-14 16:27:36 INFO  stepdefinitions.LoginStepDef:54 - Entered user name Admin
  2020-06-14 19:20:14 INFO  stepdefinitions.LoginStepDef:31 - Chrome Driver exe location:C:\Users\ammulu123\Jan2020\ThreeZCucumberProj\drivers\chromedriver\chromedriver.exe
  2020-06-14 19:20:27 INFO  stepdefinitions.LoginStepDef:33 - Chrome Driver is Opened
  2020-06-14 19:20:31 INFO  pages.LoginPage:27 - Login page constructor is called  
  2020-06-14 19:20:31 INFO  stepdefinitions.LoginStepDef:54 - Entered user name Admin
  2020-06-14 19:20:38 INFO  stepdefinitions.LoginStepDef:26 - Click on Login button  
  2020-06-14 19:20:38 INFO  stepdefinitions.LoginStepDef:31 - Chrome Driver exe location:C:\Users\ammulu123\Jan2020\ThreeZCucumberProj\drivers\chromedriver\chromedriver.exe
  2020-06-14 19:20:45 INFO  stepdefinitions.LoginStepDef:33 - Chrome Driver is Opened
  2020-06-14 19:20:48 INFO  pages.LoginPage:27 - Login page constructor is called  
  2020-06-14 19:20:48 INFO  stepdefinitions.LoginStepDef:54 - Entered user name Admin
  